  SpeechManager.cpp
D:\VS2022\VC\Tools\MSVC\14.37.32822\include\numeric(34,26): warning C4244: “=”: 从“double”转换到“_Ty”，可能丢失数据
          with
          [
              _Ty=float
          ]
D:\VS2022\VC\Tools\MSVC\14.37.32822\include\numeric(43,17): message : 查看对正在编译的函数 模板 实例化“_Ty std::accumulate<_InIt,_Ty,std::plus<void>>(const _InIt,const _InIt,_Ty,_Fn)”的引用
          with
          [
              _Ty=float,
              _InIt=std::_Deque_iterator<std::_Deque_val<std::_Deque_simple_types<double>>>,
              _Fn=std::plus<void>
          ]
D:\vs2022项目\演讲比赛管理流程系统\演讲比赛管理流程系统\SpeechManager.cpp(160,26): message : 查看对正在编译的函数 模板 实例化“_Ty std::accumulate<std::_Deque_iterator<std::_Deque_val<std::_Deque_simple_types<double>>>,float>(const _InIt,const _InIt,_Ty)”的引用
          with
          [
              _Ty=float,
              _InIt=std::_Deque_iterator<std::_Deque_val<std::_Deque_simple_types<double>>>
          ]
  演讲比赛管理流程系统.vcxproj -> D:\vs2022项目\演讲比赛管理流程系统\x64\Debug\演讲比赛管理流程系统.exe
